SF:./gilded_rose.rb
DA:1,1
DA:2,1
DA:3,1
DA:5,1
DA:6,31
DA:9,1
DA:10,15
DA:13,1
DA:14,39
DA:17,1
DA:18,1
DA:22,1
DA:23,1
DA:25,1
DA:26,12
DA:27,12
DA:30,1
DA:31,12
DA:34,1
DA:35,12
DA:37,12
DA:41,1
DA:42,1
DA:44,1
DA:45,4
DA:46,4
DA:49,1
DA:50,4
DA:53,1
DA:54,4
DA:56,4
DA:60,1
DA:61,1
DA:63,1
DA:64,15
DA:65,15
DA:68,1
DA:69,15
DA:72,1
DA:73,15
DA:74,15
DA:75,15
DA:77,15
DA:82,1
DA:83,1
DA:84,1
DA:85,31
DA:87,4
DA:89,15
DA:91,12
DA:96,1
DA:97,18
DA:100,1
DA:101,19
DA:102,35
DA:104,31
DA:105,31
DA:106,31
DA:107,31
DA:111,1
DA:113,1
DA:114,35
DA:118,1
DA:119,1
DA:121,1
DA:122,26
DA:123,26
DA:124,26
DA:127,1
DA:128,18
BRDA:10,0,1,12
BRDA:10,0,2,3
BRDA:14,0,3,31
BRDA:14,0,4,8
BRDA:37,0,5,3
BRDA:37,0,6,9
BRDA:56,0,7,1
BRDA:56,0,8,3
BRDA:74,0,9,12
BRDA:74,0,10,3
BRDA:75,0,11,7
BRDA:75,0,12,8
BRDA:77,0,13,1
BRDA:77,0,14,14
BRDA:86,0,15,4
BRDA:88,0,16,15
BRDA:90,0,17,12
BRDA:102,0,18,4
BRDA:102,0,19,31
BRF:19
BRH:19
end_of_record
