SF:./gilded_rose.rb
DA:1,1
DA:2,1
DA:3,1
DA:4,1
DA:6,1
DA:7,36
DA:10,1
DA:11,35
DA:14,1
DA:15,31
DA:18,1
DA:19,1
DA:23,1
DA:24,1
DA:25,10
DA:26,3
DA:28,7
DA:32,1
DA:33,1
DA:34,3
DA:35,3
DA:39,1
DA:40,7
DA:44,1
DA:45,1
DA:46,8
DA:47,3
DA:49,5
DA:53,1
DA:54,1
DA:55,3
DA:56,3
DA:57,3
DA:58,3
DA:62,1
DA:63,5
DA:64,5
DA:68,1
DA:69,1
DA:70,4
DA:71,1
DA:73,3
DA:77,1
DA:78,1
DA:79,1
DA:80,1
DA:84,1
DA:85,3
DA:89,1
DA:90,1
DA:91,14
DA:92,1
DA:93,13
DA:94,4
DA:95,9
DA:96,5
DA:98,4
DA:102,1
DA:103,1
DA:104,1
DA:108,1
DA:109,1
DA:110,4
DA:111,4
DA:112,4
DA:116,1
DA:117,1
DA:118,5
DA:119,5
DA:123,1
DA:124,4
DA:129,1
DA:130,1
DA:131,36
DA:133,4
DA:135,14
DA:137,8
DA:139,10
DA:144,1
DA:145,23
DA:148,1
DA:149,24
DA:150,40
DA:152,36
DA:153,36
DA:154,36
DA:155,36
DA:156,36
DA:160,1
DA:162,1
DA:163,40
DA:167,1
DA:168,1
DA:170,1
DA:171,31
DA:172,31
DA:173,31
DA:176,1
DA:177,18
BRDA:11,0,1,27
BRDA:11,0,2,8
BRDA:15,0,3,23
BRDA:15,0,4,8
BRDA:25,0,5,3
BRDA:27,0,6,7
BRDA:46,0,7,3
BRDA:48,0,8,5
BRDA:70,0,9,1
BRDA:72,0,10,3
BRDA:95,0,11,5
BRDA:97,0,12,4
BRDA:93,0,13,4
BRDA:94,0,14,9
BRDA:91,0,15,1
BRDA:92,0,16,13
BRDA:132,0,17,4
BRDA:134,0,18,14
BRDA:136,0,19,8
BRDA:138,0,20,10
BRDA:150,0,21,4
BRDA:150,0,22,36
BRF:22
BRH:22
end_of_record
